Start testing: Feb 28 16:10 CST
----------------------------------------------------------
1/3 Testing: RmProto.EncodeDecodeRoundTrip
1/3 Test: RmProto.EncodeDecodeRoundTrip
Command: "/home/horse/1/build/assignment_1/rmproto_tests" "--gtest_filter=RmProto.EncodeDecodeRoundTrip" "--gtest_also_run_disabled_tests"
Directory: /home/horse/1/build/assignment_1
"RmProto.EncodeDecodeRoundTrip" start time: Feb 28 16:10 CST
Output:
----------------------------------------------------------
Running main() from /home/horse/1/build/assignment_1/_deps/googletest-src/googletest/src/gtest_main.cc
Note: Google Test filter = RmProto.EncodeDecodeRoundTrip
[==========] Running 1 test from 1 test suite.
[----------] Global test environment set-up.
[----------] 1 test from RmProto
[ RUN      ] RmProto.EncodeDecodeRoundTrip
[       OK ] RmProto.EncodeDecodeRoundTrip (0 ms)
[----------] 1 test from RmProto (0 ms total)

[----------] Global test environment tear-down
[==========] 1 test from 1 test suite ran. (0 ms total)
[  PASSED  ] 1 test.
<end of output>
Test time =   0.00 sec
----------------------------------------------------------
Test Passed.
"RmProto.EncodeDecodeRoundTrip" end time: Feb 28 16:10 CST
"RmProto.EncodeDecodeRoundTrip" time elapsed: 00:00:00
----------------------------------------------------------

2/3 Testing: RmProto.ResyncOnGarbage
2/3 Test: RmProto.ResyncOnGarbage
Command: "/home/horse/1/build/assignment_1/rmproto_tests" "--gtest_filter=RmProto.ResyncOnGarbage" "--gtest_also_run_disabled_tests"
Directory: /home/horse/1/build/assignment_1
"RmProto.ResyncOnGarbage" start time: Feb 28 16:10 CST
Output:
----------------------------------------------------------
Running main() from /home/horse/1/build/assignment_1/_deps/googletest-src/googletest/src/gtest_main.cc
Note: Google Test filter = RmProto.ResyncOnGarbage
[==========] Running 1 test from 1 test suite.
[----------] Global test environment set-up.
[----------] 1 test from RmProto
[ RUN      ] RmProto.ResyncOnGarbage
[       OK ] RmProto.ResyncOnGarbage (0 ms)
[----------] 1 test from RmProto (0 ms total)

[----------] Global test environment tear-down
[==========] 1 test from 1 test suite ran. (0 ms total)
[  PASSED  ] 1 test.
<end of output>
Test time =   0.00 sec
----------------------------------------------------------
Test Passed.
"RmProto.ResyncOnGarbage" end time: Feb 28 16:10 CST
"RmProto.ResyncOnGarbage" time elapsed: 00:00:00
----------------------------------------------------------

3/3 Testing: RmProto.RejectBadCrc
3/3 Test: RmProto.RejectBadCrc
Command: "/home/horse/1/build/assignment_1/rmproto_tests" "--gtest_filter=RmProto.RejectBadCrc" "--gtest_also_run_disabled_tests"
Directory: /home/horse/1/build/assignment_1
"RmProto.RejectBadCrc" start time: Feb 28 16:10 CST
Output:
----------------------------------------------------------
Running main() from /home/horse/1/build/assignment_1/_deps/googletest-src/googletest/src/gtest_main.cc
Note: Google Test filter = RmProto.RejectBadCrc
[==========] Running 1 test from 1 test suite.
[----------] Global test environment set-up.
[----------] 1 test from RmProto
[ RUN      ] RmProto.RejectBadCrc
[       OK ] RmProto.RejectBadCrc (0 ms)
[----------] 1 test from RmProto (0 ms total)

[----------] Global test environment tear-down
[==========] 1 test from 1 test suite ran. (0 ms total)
[  PASSED  ] 1 test.
<end of output>
Test time =   0.00 sec
----------------------------------------------------------
Test Passed.
"RmProto.RejectBadCrc" end time: Feb 28 16:10 CST
"RmProto.RejectBadCrc" time elapsed: 00:00:00
----------------------------------------------------------

End testing: Feb 28 16:10 CST
